{"name": "User should able to click on faqs_cabs_bushire", "status": "broken", "statusDetails": {"message": "selenium.common.exceptions.NoSuchElementException: Message: no such element: Unable to locate element: {\"method\":\"xpath\",\"selector\":\"//p[text()=\"When & how will I receive the vehicle and driver details?\"]\"}\n  (Session info: chrome=107.0.5304.88)\nStacktrace:\nBacktrace:\n\tOrdinal0 [0x0023ACD3+2075859]\n\tOrdinal0 [0x001CEE61+1633889]\n\tOrdinal0 [0x000CB7BD+571325]\n\tOrdinal0 [0x000FAC2F+764975]\n\tOrdinal0 [0x000FAE1B+765467]\n\tOrdinal0 [0x0012D0F2+970994]\n\tOrdinal0 [0x00117364+881508]\n\tOrdinal0 [0x0012B56A+963946]\n\tOrdinal0 [0x00117136+880950]\n\tOrdinal0 [0x000EFEFD+720637]\n\tOrdinal0 [0x000F0F3F+724799]\n\tGetHandleVerifier [0x004EEED2+2769538]\n\tGetHandleVerifier [0x004E0D95+2711877]\n\tGetHandleVerifier [0x002CA03A+521194]\n\tGetHandleVerifier [0x002C8DA0+516432]\n\tOrdinal0 [0x001D682C+1665068]\n\tOrdinal0 [0x001DB128+1683752]\n\tOrdinal0 [0x001DB215+1683989]\n\tOrdinal0 [0x001E6484+1729668]\n\tBaseThreadInitThunk [0x76A67D39+25]\n\tRtlInitializeExceptionChain [0x7722C54B+107]\n\tRtlGetAppContainerNamedObjectPath [0x7722C4CE+238]\n\t(No symbol) [0x00000000]\n\n", "trace": "  File \"C:\\Users\\DELL\\PycharmProjects\\BDD Project\\venv\\lib\\site-packages\\behave\\model.py\", line 1329, in run\n    match.run(runner.context)\n  File \"C:\\Users\\DELL\\PycharmProjects\\BDD Project\\venv\\lib\\site-packages\\behave\\matchers.py\", line 98, in run\n    self.func(context, *args, **kwargs)\n  File \"features\\steps\\redbus.py\", line 252, in vehicle_related_faqs_question1\n    context.driver.find_element(\"xpath\",\n  File \"C:\\Users\\DELL\\PycharmProjects\\BDD Project\\venv\\lib\\site-packages\\selenium\\webdriver\\remote\\webdriver.py\", line 856, in find_element\n    return self.execute(Command.FIND_ELEMENT, {\n  File \"C:\\Users\\DELL\\PycharmProjects\\BDD Project\\venv\\lib\\site-packages\\selenium\\webdriver\\remote\\webdriver.py\", line 429, in execute\n    self.error_handler.check_response(response)\n  File \"C:\\Users\\DELL\\PycharmProjects\\BDD Project\\venv\\lib\\site-packages\\selenium\\webdriver\\remote\\errorhandler.py\", line 243, in check_response\n    raise exception_class(message, screen, stacktrace)\n"}, "steps": [{"name": "Given launch chrome browser", "status": "passed", "start": 1667457149585, "stop": 1667457159603}, {"name": "When close the close icon", "status": "passed", "start": 1667457159603, "stop": 1667457159710}, {"name": "Then enter into the frame", "status": "passed", "start": 1667457159710, "stop": 1667457159810}, {"name": "When click on faqs_cabs_bushire", "status": "passed", "start": 1667457159811, "stop": 1667457162910}, {"name": "When click on general_faqs", "status": "passed", "start": 1667457162910, "stop": 1667457165106}, {"name": "And click on general_faqs_question1", "status": "passed", "start": 1667457165107, "stop": 1667457167270}, {"name": "And click on general_faqs_yes1", "status": "passed", "start": 1667457167286, "stop": 1667457169463}, {"name": "And click on general_window_back1", "status": "passed", "start": 1667457169463, "stop": 1667457172212}, {"name": "And click on general_faqs_question2", "status": "passed", "start": 1667457172212, "stop": 1667457174381}, {"name": "And click on general_faqs_yes2", "status": "passed", "start": 1667457174381, "stop": 1667457176548}, {"name": "And click on general_window_back1", "status": "passed", "start": 1667457176548, "stop": 1667457180085}, {"name": "And click on general_window_back3", "status": "passed", "start": 1667457180085, "stop": 1667457183136}, {"name": "And click on driver_related_faqs", "status": "passed", "start": 1667457183136, "stop": 1667457185317}, {"name": "And click on driver_related_faqs_question1", "status": "passed", "start": 1667457185317, "stop": 1667457187486}, {"name": "And click on driver_related_faqs_yes1", "status": "passed", "start": 1667457187487, "stop": 1667457189646}, {"name": "And click on driver_related_faqs_window_back1", "status": "passed", "start": 1667457189648, "stop": 1667457192608}, {"name": "And click on driver_related_faqs_question2", "status": "passed", "start": 1667457192608, "stop": 1667457194792}, {"name": "And click on driver_related_faqs_yes2", "status": "passed", "start": 1667457194793, "stop": 1667457196979}, {"name": "And click on driver_related_faqs_window_back2", "status": "passed", "start": 1667457196979, "stop": 1667457201767}, {"name": "And click on driver_related_faqs_window_back3", "status": "passed", "start": 1667457201767, "stop": 1667457204885}, {"name": "And click on vehicle_related_faqs", "status": "passed", "start": 1667457204885, "stop": 1667457207080}, {"name": "And click on vehicle_related_faqs_question1", "status": "broken", "statusDetails": {"message": "selenium.common.exceptions.NoSuchElementException: Message: no such element: Unable to locate element: {\"method\":\"xpath\",\"selector\":\"//p[text()=\"When & how will I receive the vehicle and driver details?\"]\"}\n  (Session info: chrome=107.0.5304.88)\nStacktrace:\nBacktrace:\n\tOrdinal0 [0x0023ACD3+2075859]\n\tOrdinal0 [0x001CEE61+1633889]\n\tOrdinal0 [0x000CB7BD+571325]\n\tOrdinal0 [0x000FAC2F+764975]\n\tOrdinal0 [0x000FAE1B+765467]\n\tOrdinal0 [0x0012D0F2+970994]\n\tOrdinal0 [0x00117364+881508]\n\tOrdinal0 [0x0012B56A+963946]\n\tOrdinal0 [0x00117136+880950]\n\tOrdinal0 [0x000EFEFD+720637]\n\tOrdinal0 [0x000F0F3F+724799]\n\tGetHandleVerifier [0x004EEED2+2769538]\n\tGetHandleVerifier [0x004E0D95+2711877]\n\tGetHandleVerifier [0x002CA03A+521194]\n\tGetHandleVerifier [0x002C8DA0+516432]\n\tOrdinal0 [0x001D682C+1665068]\n\tOrdinal0 [0x001DB128+1683752]\n\tOrdinal0 [0x001DB215+1683989]\n\tOrdinal0 [0x001E6484+1729668]\n\tBaseThreadInitThunk [0x76A67D39+25]\n\tRtlInitializeExceptionChain [0x7722C54B+107]\n\tRtlGetAppContainerNamedObjectPath [0x7722C4CE+238]\n\t(No symbol) [0x00000000]\n\n", "trace": "  File \"C:\\Users\\DELL\\PycharmProjects\\BDD Project\\venv\\lib\\site-packages\\behave\\model.py\", line 1329, in run\n    match.run(runner.context)\n  File \"C:\\Users\\DELL\\PycharmProjects\\BDD Project\\venv\\lib\\site-packages\\behave\\matchers.py\", line 98, in run\n    self.func(context, *args, **kwargs)\n  File \"features\\steps\\redbus.py\", line 252, in vehicle_related_faqs_question1\n    context.driver.find_element(\"xpath\",\n  File \"C:\\Users\\DELL\\PycharmProjects\\BDD Project\\venv\\lib\\site-packages\\selenium\\webdriver\\remote\\webdriver.py\", line 856, in find_element\n    return self.execute(Command.FIND_ELEMENT, {\n  File \"C:\\Users\\DELL\\PycharmProjects\\BDD Project\\venv\\lib\\site-packages\\selenium\\webdriver\\remote\\webdriver.py\", line 429, in execute\n    self.error_handler.check_response(response)\n  File \"C:\\Users\\DELL\\PycharmProjects\\BDD Project\\venv\\lib\\site-packages\\selenium\\webdriver\\remote\\errorhandler.py\", line 243, in check_response\n    raise exception_class(message, screen, stacktrace)\n"}, "start": 1667457207081, "stop": 1667457207125}, {"name": "And click on vehicle_related_faqs_yes1", "status": "skipped", "start": 1667457207130, "stop": 1667457207130}, {"name": "And click on vehicle_related_faqs_window_back1", "status": "skipped", "start": 1667457207130, "stop": 1667457207130}, {"name": "And click on vehicle_related_faqs_question2", "status": "skipped", "start": 1667457207130, "stop": 1667457207130}, {"name": "And click on vehicle_related_faqs_yes2", "status": "skipped", "start": 1667457207130, "stop": 1667457207130}, {"name": "And click on vehicle_related_faqs_window_back2", "status": "skipped", "start": 1667457207130, "stop": 1667457207130}, {"name": "And click on vehicle_related_faqs_window_back3", "status": "skipped", "start": 1667457207130, "stop": 1667457207130}, {"name": "Then click on vehicle_related_faqs_window_back4", "status": "skipped", "start": 1667457207130, "stop": 1667457207130}], "start": 1667457149570, "stop": 1667457207130, "uuid": "20e6b506-1dc0-4725-8353-63dce5a300e7", "historyId": "a72cb0e2dabcc4ac3e6b5e440d7b0404", "fullName": "Help: User should able to click on faqs_cabs_bushire", "labels": [{"name": "severity", "value": "normal"}, {"name": "feature", "value": "Help"}, {"name": "framework", "value": "behave"}, {"name": "language", "value": "cpython3"}]}