{"name": "User should able to click on faqs_cabs_bushire", "status": "broken", "statusDetails": {"message": "selenium.common.exceptions.NoSuchElementException: Message: no such element: Unable to locate element: {\"method\":\"xpath\",\"selector\":\"//span[text()=\"General FAQs\"]\"}\n  (Session info: chrome=107.0.5304.88)\nStacktrace:\nBacktrace:\n\tOrdinal0 [0x00D4ACD3+2075859]\n\tOrdinal0 [0x00CDEE61+1633889]\n\tOrdinal0 [0x00BDB7BD+571325]\n\tOrdinal0 [0x00C0AC2F+764975]\n\tOrdinal0 [0x00C0AE1B+765467]\n\tOrdinal0 [0x00C3D0F2+970994]\n\tOrdinal0 [0x00C27364+881508]\n\tOrdinal0 [0x00C3B56A+963946]\n\tOrdinal0 [0x00C27136+880950]\n\tOrdinal0 [0x00BFFEFD+720637]\n\tOrdinal0 [0x00C00F3F+724799]\n\tGetHandleVerifier [0x00FFEED2+2769538]\n\tGetHandleVerifier [0x00FF0D95+2711877]\n\tGetHandleVerifier [0x00DDA03A+521194]\n\tGetHandleVerifier [0x00DD8DA0+516432]\n\tOrdinal0 [0x00CE682C+1665068]\n\tOrdinal0 [0x00CEB128+1683752]\n\tOrdinal0 [0x00CEB215+1683989]\n\tOrdinal0 [0x00CF6484+1729668]\n\tBaseThreadInitThunk [0x76A67D39+25]\n\tRtlInitializeExceptionChain [0x7722C54B+107]\n\tRtlGetAppContainerNamedObjectPath [0x7722C4CE+238]\n\n", "trace": "  File \"C:\\Users\\DELL\\PycharmProjects\\BDD Project\\venv\\lib\\site-packages\\behave\\model.py\", line 1329, in run\n    match.run(runner.context)\n  File \"C:\\Users\\DELL\\PycharmProjects\\BDD Project\\venv\\lib\\site-packages\\behave\\matchers.py\", line 98, in run\n    self.func(context, *args, **kwargs)\n  File \"steps\\redbus.py\", line 148, in general_faqs\n    context.driver.find_element(\"xpath\", '//span[text()=\"General FAQs\"]').click()\n  File \"C:\\Users\\DELL\\PycharmProjects\\BDD Project\\venv\\lib\\site-packages\\selenium\\webdriver\\remote\\webdriver.py\", line 856, in find_element\n    return self.execute(Command.FIND_ELEMENT, {\n  File \"C:\\Users\\DELL\\PycharmProjects\\BDD Project\\venv\\lib\\site-packages\\selenium\\webdriver\\remote\\webdriver.py\", line 429, in execute\n    self.error_handler.check_response(response)\n  File \"C:\\Users\\DELL\\PycharmProjects\\BDD Project\\venv\\lib\\site-packages\\selenium\\webdriver\\remote\\errorhandler.py\", line 243, in check_response\n    raise exception_class(message, screen, stacktrace)\n"}, "steps": [{"name": "Given launch chrome browser", "status": "passed", "start": 1667455141921, "stop": 1667455151840}, {"name": "When close the close icon", "status": "passed", "start": 1667455151840, "stop": 1667455151973}, {"name": "Then enter into the frame", "status": "passed", "start": 1667455151973, "stop": 1667455152018}, {"name": "When click on faqs_cabs_bushire", "status": "passed", "start": 1667455152018, "stop": 1667455154295}, {"name": "When click on general_faqs", "status": "broken", "statusDetails": {"message": "selenium.common.exceptions.NoSuchElementException: Message: no such element: Unable to locate element: {\"method\":\"xpath\",\"selector\":\"//span[text()=\"General FAQs\"]\"}\n  (Session info: chrome=107.0.5304.88)\nStacktrace:\nBacktrace:\n\tOrdinal0 [0x00D4ACD3+2075859]\n\tOrdinal0 [0x00CDEE61+1633889]\n\tOrdinal0 [0x00BDB7BD+571325]\n\tOrdinal0 [0x00C0AC2F+764975]\n\tOrdinal0 [0x00C0AE1B+765467]\n\tOrdinal0 [0x00C3D0F2+970994]\n\tOrdinal0 [0x00C27364+881508]\n\tOrdinal0 [0x00C3B56A+963946]\n\tOrdinal0 [0x00C27136+880950]\n\tOrdinal0 [0x00BFFEFD+720637]\n\tOrdinal0 [0x00C00F3F+724799]\n\tGetHandleVerifier [0x00FFEED2+2769538]\n\tGetHandleVerifier [0x00FF0D95+2711877]\n\tGetHandleVerifier [0x00DDA03A+521194]\n\tGetHandleVerifier [0x00DD8DA0+516432]\n\tOrdinal0 [0x00CE682C+1665068]\n\tOrdinal0 [0x00CEB128+1683752]\n\tOrdinal0 [0x00CEB215+1683989]\n\tOrdinal0 [0x00CF6484+1729668]\n\tBaseThreadInitThunk [0x76A67D39+25]\n\tRtlInitializeExceptionChain [0x7722C54B+107]\n\tRtlGetAppContainerNamedObjectPath [0x7722C4CE+238]\n\n", "trace": "  File \"C:\\Users\\DELL\\PycharmProjects\\BDD Project\\venv\\lib\\site-packages\\behave\\model.py\", line 1329, in run\n    match.run(runner.context)\n  File \"C:\\Users\\DELL\\PycharmProjects\\BDD Project\\venv\\lib\\site-packages\\behave\\matchers.py\", line 98, in run\n    self.func(context, *args, **kwargs)\n  File \"steps\\redbus.py\", line 148, in general_faqs\n    context.driver.find_element(\"xpath\", '//span[text()=\"General FAQs\"]').click()\n  File \"C:\\Users\\DELL\\PycharmProjects\\BDD Project\\venv\\lib\\site-packages\\selenium\\webdriver\\remote\\webdriver.py\", line 856, in find_element\n    return self.execute(Command.FIND_ELEMENT, {\n  File \"C:\\Users\\DELL\\PycharmProjects\\BDD Project\\venv\\lib\\site-packages\\selenium\\webdriver\\remote\\webdriver.py\", line 429, in execute\n    self.error_handler.check_response(response)\n  File \"C:\\Users\\DELL\\PycharmProjects\\BDD Project\\venv\\lib\\site-packages\\selenium\\webdriver\\remote\\errorhandler.py\", line 243, in check_response\n    raise exception_class(message, screen, stacktrace)\n"}, "start": 1667455154295, "stop": 1667455154393}, {"name": "And click on general_faqs_question1", "status": "skipped", "start": 1667455154407, "stop": 1667455154407}, {"name": "And click on general_faqs_yes1", "status": "skipped", "start": 1667455154407, "stop": 1667455154407}, {"name": "And click on general_window_back1", "status": "skipped", "start": 1667455154407, "stop": 1667455154407}, {"name": "And click on general_faqs_question2", "status": "skipped", "start": 1667455154407, "stop": 1667455154407}, {"name": "And click on general_faqs_yes2", "status": "skipped", "start": 1667455154407, "stop": 1667455154407}, {"name": "And click on general_window_back1", "status": "skipped", "start": 1667455154407, "stop": 1667455154407}, {"name": "And click on general_window_back3", "status": "skipped", "start": 1667455154407, "stop": 1667455154407}, {"name": "And click on driver_related_faqs", "status": "skipped", "start": 1667455154407, "stop": 1667455154407}, {"name": "And click on driver_related_faqs_question1", "status": "skipped", "start": 1667455154407, "stop": 1667455154407}, {"name": "And click on driver_related_faqs_yes1", "status": "skipped", "start": 1667455154407, "stop": 1667455154407}, {"name": "And click on driver_related_faqs_window_back1", "status": "skipped", "start": 1667455154407, "stop": 1667455154407}, {"name": "And click on driver_related_faqs_question2", "status": "skipped", "start": 1667455154407, "stop": 1667455154407}, {"name": "And click on driver_related_faqs_yes2", "status": "skipped", "start": 1667455154407, "stop": 1667455154407}, {"name": "And click on driver_related_faqs_window_back2", "status": "skipped", "start": 1667455154407, "stop": 1667455154407}, {"name": "And click on driver_related_faqs_window_back3", "status": "skipped", "start": 1667455154407, "stop": 1667455154407}, {"name": "And click on vehicle_related_faqs", "status": "skipped", "start": 1667455154407, "stop": 1667455154407}, {"name": "And click on vehicle_related_faqs_question1", "status": "skipped", "start": 1667455154407, "stop": 1667455154407}, {"name": "And click on vehicle_related_faqs_yes1", "status": "skipped", "start": 1667455154407, "stop": 1667455154407}, {"name": "And click on vehicle_related_faqs_window_back1", "status": "skipped", "start": 1667455154407, "stop": 1667455154407}, {"name": "And click on vehicle_related_faqs_question2", "status": "skipped", "start": 1667455154407, "stop": 1667455154407}, {"name": "And click on vehicle_related_faqs_yes2", "status": "skipped", "start": 1667455154407, "stop": 1667455154407}, {"name": "And click on vehicle_related_faqs_window_back2", "status": "skipped", "start": 1667455154409, "stop": 1667455154409}, {"name": "And click on vehicle_related_faqs_window_back3", "status": "skipped", "start": 1667455154409, "stop": 1667455154409}, {"name": "Then click on vehicle_related_faqs_window_back4", "status": "skipped", "start": 1667455154409, "stop": 1667455154409}], "start": 1667455141921, "stop": 1667455154409, "uuid": "00bcd4e0-aaca-49dd-ac6e-f553ef03f139", "historyId": "a72cb0e2dabcc4ac3e6b5e440d7b0404", "fullName": "Help: User should able to click on faqs_cabs_bushire", "labels": [{"name": "severity", "value": "normal"}, {"name": "feature", "value": "Help"}, {"name": "framework", "value": "behave"}, {"name": "language", "value": "cpython3"}]}